# JRE version: OpenJDK Runtime Environment Temurin-21.0.4+7 (21.0.4+7) (build 21.0.4+7-LTS)
# Java VM: OpenJDK 64-Bit Server VM Temurin-21.0.4+7 (21.0.4+7-LTS, mixed mode, emulated-client, tiered, compressed oops, compressed class ptrs, g1 gc, windows-amd64)
GC Precious Log:
 CardTable entry size: 512
 Card Set container configuration: InlinePtr #cards 5 size 8 Array Of Cards #cards 12 size 40 Howl #buckets 4 coarsen threshold 1843 Howl Bitmap #cards 512 size 80 coarsen threshold 460 Card regions per heap region 1 cards per card region 2048
 CPUs: 16 total, 16 available
 Memory: 7876M
 Large Page Support: Disabled
 NUMA Support: Disabled
 Compressed Oops: Enabled (32-bit)
 Heap Region Size: 1M
 Heap Min Capacity: 8M
 Heap Initial Capacity: 124M
 Heap Max Capacity: 1970M
 Pre-touch: Disabled
 Parallel Workers: 13
 Concurrent Workers: 3
 Concurrent Refinement Workers: 13
 Periodic GC: Disabled
Heap:
 garbage-first heap   total 70656K, used 39375K [0x0000000084e00000, 0x0000000100000000)
  region size 1024K, 9 young (9216K), 4 survivors (4096K)
 Metaspace       used 82569K, committed 83200K, reserved 1179648K
  class space    used 11001K, committed 11264K, reserved 1048576K
GC Heap History (20 events):
Event: 501.147 GC heap after
{Heap after GC invocations=23 (full 0):
 garbage-first heap   total 55296K, used 33812K [0x0000000084e00000, 0x0000000100000000)
  region size 1024K, 3 young (3072K), 3 survivors (3072K)
 Metaspace       used 81610K, committed 82368K, reserved 1179648K
  class space    used 10919K, committed 11264K, reserved 1048576K
}
Event: 800.834 GC heap before
{Heap before GC invocations=24 (full 0):
 garbage-first heap   total 58368K, used 47124K [0x0000000084e00000, 0x0000000100000000)
  region size 1024K, 16 young (16384K), 3 survivors (3072K)
 Metaspace       used 81283K, committed 82368K, reserved 1179648K
  class space    used 10830K, committed 11264K, reserved 1048576K
}
Event: 800.867 GC heap after
{Heap after GC invocations=25 (full 0):
 garbage-first heap   total 58368K, used 33938K [0x0000000084e00000, 0x0000000100000000)
  region size 1024K, 1 young (1024K), 1 survivors (1024K)
 Metaspace       used 81283K, committed 82368K, reserved 1179648K
  class space    used 10830K, committed 11264K, reserved 1048576K
}
Event: 965.027 GC heap before
{Heap before GC invocations=25 (full 0):
 garbage-first heap   total 58368K, used 45202K [0x0000000084e00000, 0x0000000100000000)
  region size 1024K, 13 young (13312K), 1 survivors (1024K)
 Metaspace       used 81797K, committed 82496K, reserved 1179648K
  class space    used 10911K, committed 11264K, reserved 1048576K
}
Event: 965.205 GC heap after
{Heap after GC invocations=26 (full 1):
 garbage-first heap   total 58368K, used 25284K [0x0000000084e00000, 0x0000000100000000)
  region size 1024K, 0 young (0K), 0 survivors (0K)
 Metaspace       used 81766K, committed 82496K, reserved 1179648K
  class space    used 10903K, committed 11264K, reserved 1048576K
}
Event: 965.530 GC heap before
{Heap before GC invocations=26 (full 1):
 garbage-first heap   total 58368K, used 50884K [0x0000000084e00000, 0x0000000100000000)
  region size 1024K, 25 young (25600K), 0 survivors (0K)
 Metaspace       used 81858K, committed 82496K, reserved 1179648K
  class space    used 10920K, committed 11264K, reserved 1048576K
}
Event: 965.535 GC heap after
{Heap after GC invocations=27 (full 1):
 garbage-first heap   total 58368K, used 28021K [0x0000000084e00000, 0x0000000100000000)
  region size 1024K, 3 young (3072K), 3 survivors (3072K)
 Metaspace       used 81858K, committed 82496K, reserved 1179648K
  class space    used 10920K, committed 11264K, reserved 1048576K
}
Event: 965.908 GC heap before
{Heap before GC invocations=28 (full 1):
 garbage-first heap   total 58368K, used 47477K [0x0000000084e00000, 0x0000000100000000)
  region size 1024K, 23 young (23552K), 3 survivors (3072K)
 Metaspace       used 81910K, committed 82560K, reserved 1179648K
  class space    used 10936K, committed 11264K, reserved 1048576K
}
Event: 965.911 GC heap after
{Heap after GC invocations=29 (full 1):
 garbage-first heap   total 70656K, used 30383K [0x0000000084e00000, 0x0000000100000000)
  region size 1024K, 3 young (3072K), 3 survivors (3072K)
 Metaspace       used 81910K, committed 82560K, reserved 1179648K
  class space    used 10936K, committed 11264K, reserved 1048576K
}
Event: 966.225 GC heap before
{Heap before GC invocations=29 (full 1):
 garbage-first heap   total 70656K, used 59055K [0x0000000084e00000, 0x0000000100000000)
  region size 1024K, 31 young (31744K), 3 survivors (3072K)
 Metaspace       used 82256K, committed 82880K, reserved 1179648K
  class space    used 10975K, committed 11264K, reserved 1048576K
}
Event: 966.228 GC heap after
{Heap after GC invocations=30 (full 1):
 garbage-first heap   total 70656K, used 33845K [0x0000000084e00000, 0x0000000100000000)
  region size 1024K, 4 young (4096K), 4 survivors (4096K)
 Metaspace       used 82256K, committed 82880K, reserved 1179648K
  class space    used 10975K, committed 11264K, reserved 1048576K
}
Event: 992.557 GC heap before
{Heap before GC invocations=30 (full 1):
 garbage-first heap   total 70656K, used 42037K [0x0000000084e00000, 0x0000000100000000)
  region size 1024K, 13 young (13312K), 4 survivors (4096K)
 Metaspace       used 82262K, committed 82880K, reserved 1179648K
  class space    used 10977K, committed 11264K, reserved 1048576K
}
Event: 992.616 GC heap after
{Heap after GC invocations=31 (full 2):
 garbage-first heap   total 70656K, used 28263K [0x0000000084e00000, 0x0000000100000000)
  region size 1024K, 0 young (0K), 0 survivors (0K)
 Metaspace       used 82205K, committed 82880K, reserved 1179648K
  class space    used 10962K, committed 11264K, reserved 1048576K
}
Event: 992.840 GC heap before
{Heap before GC invocations=31 (full 2):
 garbage-first heap   total 70656K, used 56935K [0x0000000084e00000, 0x0000000100000000)
  region size 1024K, 29 young (29696K), 0 survivors (0K)
 Metaspace       used 82273K, committed 82880K, reserved 1179648K
  class space    used 10973K, committed 11264K, reserved 1048576K
}
Event: 992.843 GC heap after
{Heap after GC invocations=32 (full 2):
 garbage-first heap   total 70656K, used 31274K [0x0000000084e00000, 0x0000000100000000)
  region size 1024K, 3 young (3072K), 3 survivors (3072K)
 Metaspace       used 82273K, committed 82880K, reserved 1179648K
  class space    used 10973K, committed 11264K, reserved 1048576K
}
Event: 993.049 GC heap before
{Heap before GC invocations=33 (full 2):
 garbage-first heap   total 70656K, used 57898K [0x0000000084e00000, 0x0000000100000000)
  region size 1024K, 30 young (30720K), 3 survivors (3072K)
 Metaspace       used 82548K, committed 83136K, reserved 1179648K
  class space    used 10997K, committed 11264K, reserved 1048576K
}
Event: 993.052 GC heap after
{Heap after GC invocations=34 (full 2):
 garbage-first heap   total 70656K, used 32922K [0x0000000084e00000, 0x0000000100000000)
  region size 1024K, 2 young (2048K), 2 survivors (2048K)
 Metaspace       used 82548K, committed 83136K, reserved 1179648K
  class space    used 10997K, committed 11264K, reserved 1048576K
}
Event: 1207.915 GC heap before
{Heap before GC invocations=34 (full 2):
 garbage-first heap   total 70656K, used 60570K [0x0000000084e00000, 0x0000000100000000)
  region size 1024K, 29 young (29696K), 2 survivors (2048K)
 Metaspace       used 82566K, committed 83136K, reserved 1179648K
  class space    used 11000K, committed 11264K, reserved 1048576K
}
Event: 1207.920 GC heap after
{Heap after GC invocations=35 (full 2):
 garbage-first heap   total 70656K, used 35279K [0x0000000084e00000, 0x0000000100000000)
  region size 1024K, 4 young (4096K), 4 survivors (4096K)
 Metaspace       used 82566K, committed 83136K, reserved 1179648K
  class space    used 11000K, committed 11264K, reserved 1048576K
}
Event: 1281.799 GC heap before
{Heap before GC invocations=35 (full 2):
 garbage-first heap   total 70656K, used 39375K [0x0000000084e00000, 0x0000000100000000)
  region size 1024K, 9 young (9216K), 4 survivors (4096K)
 Metaspace       used 82569K, committed 83200K, reserved 1179648K
  class space    used 11001K, committed 11264K, reserved 1048576K
}

